
ROM used:   1262/32768 (4%)
            1262/32768 (4%) including unused fragments

            1.0 Average locations per line
            11.6 Average locations per statement

RAM used:   78/2048 (4%) at main() level
            101/2048 (5%) worst case

Stack used: 11 worst case (4 in main + 7 for interrupts)
Stack size: 31

Lines Stmts  %   Files
----- ----- ---  -----
   66    25  23  main.c
  779     0   0  18f2550.h
  456    84  77  lcd.c
----- -----
 1301   109 Total

Page ROM  %  RAM    Vol Diff  Functions:
---- --- --- ---    --- ----  ----------
0     40   2    1             @delay_ms1
0     60   2    3    596  5.9  lcd_read_byte
0     12   0    0     59  4.2  lcd_read_nibble
0     24   1    1    179  3.3  lcd_send_nibble
0     58   2    3    460  4.7  lcd_send_byte
0    188   7    6    814  7.2  lcd_init
0     34   1    4    208  6.3  lcd_gotoxy
0     80   3    1    354  4.7  lcd_putc
0     10   0    0             @PUTCHARI_BIU_1
0    104   4    0    223  1.8  tratamiento
0     36   1    2             @PSTRINGR_640
0    142   6    0    145  2.2  MAIN
0    170   7    5    255  2.4  mensajeSim800
0     12   0    0             @const674
0     36   1    2             @PSTRINGC_9600_31766_31767
0     14   1    0             @const676
0     34   1    3             @PSTRINGCN_9600_31766_31767
0     38   2    2             @PSTRINGR_9600_31766_31767
 Inline         0             @cinit1

Program metrics:
    Functions               10
    Statements              109
    Comments                258
    Volume (V)              5237
    Difficulty (D)          40.2
    Effort to implement (E) 210632
    Time to implement (T)   3 hours, 15 minutes
    Est Delivered Bugs (B)  1
    Cyclomatic Complexity   8
    Maintainability (MI)    150

 Segment     Used  Free
-----------  ----  ----
00000-00002     4  0  
00004-00006     0  4  
00008-000AC   166  0  
000AE-07FFE  1092  31502  



