
ROM used:   4234/32768 (13%)
            4234/32768 (13%) including unused fragments

            0.6 Average locations per line
            3.8 Average locations per statement

RAM used:   393/2048 (19%) at main() level
            419/2048 (20%) worst case

Stack used: 0 worst case (0 in main + 0 for interrupts)
Stack size: 31

Lines Stmts  %   Files
----- ----- ---  -----
   34     8   1  main.c
  779     0   0  18f2550.h
  876   141  13  usb_cdc.h
  228     0   0  pic18_usb.h
  328     0   0  usb_hw_layer.h
  298     0   0  usb_desc_cdc.h
 1103     0   0  usb.h
 1192   240  22  usb.c
 1516   317  28  pic18_usb.c
  435   170  15  string.h
   32    41   4  stddef.h
   28   112  10  ctype.h
  456    84   8  lcd.c
----- -----
 7305  1113 Total

Page ROM  %  RAM    Vol Diff  Functions:
---- --- --- ---    --- ----  ----------
0     42   0    1             @delay_ms1
0     32   0    0             @const733
0     32   0    0             @const736
0     48   1    0             @const739
0     48   1    0             @const742
0     84   1    0             @const745
0     18   0    0             @const748
0     24   0    0             @const751
0     34   0    0             @const756
0     60   1    0             @const759
0     30   0    5             @MUL1616
0     78   1    4    139  4.3  usb_tbe
0     22   0    1    172  3.4  usb_detach
0     34   0    0    236  2.3  usb_attach
0      6   0    0     16  1.0  usb_init_cs
0     50   1    1    396  4.8  usb_task
0    304   4   10    976  5.9  usb_flush_in
0    152   2   10    344  6.1  usb_put_packet
0    226   3    9    914  5.0  usb_flush_out
0     60   1    3     66  2.7  usb_rx_packet_size
0     90   1    6    264  4.6  usb_stall_ep
0    110   1    6    329  4.7  usb_unstall_ep
0    106   1    5    373  6.0  usb_endpoint_stalled
0     22   0    1     94  2.7  usb_set_address
0    422   5   12   1743 10.9  usb_set_configured
0     96   1    5    199  3.2  usb_disable_endpoint
0     22   0    1     99  3.0  usb_disable_endpoints
0      4   0    0     63  3.4  usb_clear_trn
0    114   1    2    656  6.8  usb_isr
0      6   0    0     39  2.0  usb_isr_sof
0     48   1    0    450  4.3  usb_isr_rst
0     42   0    2    458  4.4  usb_init_ep0_setup
0      8   0    0     74  2.8  usb_isr_uerr
0     10   0    0     88  2.5  usb_isr_uidle
0     18   0    0    149  3.5  usb_isr_activity
0     14   0    0    151  3.9  usb_isr_stall
0      6   0    1     30  1.7  usb_request_send_response
0      6   0    0     22  1.2  usb_request_get_data
0      4   0    0     22  1.2  usb_request_stall
0    202   2    3   3308  9.3  usb_isr_tok_dne
0      8   0    0     29  1.9  usb_enumerated
0     44   1    3    273  4.0  usb_token_reset
0     66   1    3    274  5.9  usb_endpoint_is_valid
0     34   0    1    212  3.1  usb_isr_tok_in_dne
0     18   0    1    115  2.5  usb_isr_tok_out_dne
0     50   1    0    375  6.4  usb_isr_tok_setup_dne
0    170   2    0   1454  8.3  usb_isr_tkn_setup_StandardDevice
0    140   2    3    933  7.7  usb_isr_tkn_setup_StandardInterface
0     94   1    0    753  5.8  usb_isr_tkn_setup_StandardEndpoint
0    192   2    1   1248 10.7  usb_Get_Descriptor
0     14   0    0     76  1.8  usb_finish_set_address
0    120   1    4    622  9.1  usb_copy_desc_seg_to_ep
0     64   1    0    302  6.2  usb_isr_tok_out_cdc_control_dne
0    144   2    2   1200  8.6  usb_isr_tkn_cdc
0     24   0    0    174  3.6  usb_isr_tok_out_cdc_data_dne
0      6   0    0     81  0.9  usb_isr_tok_in_cdc_data_dne
0     34   0    0    106  2.9  usb_cdc_flush_tx_buffer
0     62   1    4    280  2.3  usb_cdc_init
0     14   0    0     59  2.3  usb_cdc_get_discard
0     34   0    3    134  4.6  _usb_cdc_putc_fast_noflush
0     26   0    1    106  2.7  usb_cdc_putc_fast
0     34   0    1    143  3.4  usb_cdc_putc
0     64   1    1    113  2.3  MAIN
0      6   0    0             @const1176
0     34   0    2             @PSTRINGC_625
 Inline         0             @cinit1

Program metrics:
    Functions               52
    Statements              1113
    Comments                5977
    Volume (V)              38816
    Difficulty (D)          229.8
    Effort to implement (E) 8920342
    Time to implement (T)   137 hours, 40 minutes
    Est Delivered Bugs (B)  14
    Cyclomatic Complexity   122
    Maintainability (MI)    47

 Segment     Used  Free
-----------  ----  ----
00000-00002     4  0  
00004-07FFE  4230  28534  



