CCS PCH C Compiler, Version 5.070, 56587               24-sep-17 13:10

               Filename:   C:\Users\Jaime\Documents\GitHub\SIM800L-18F\SERIE\main.lst

               ROM used:   1434 bytes (4%)
                           Largest free fragment is 31330
               RAM used:   41 (2%) at main() level
                           68 (3%) worst case
               Stack used: 12 locations (6 in main + 6 for interrupts)
               Stack size: 31

*
0000:  GOTO   0458
*
0008:  MOVWF  04
000A:  MOVFF  FD8,05
000E:  MOVFF  FE0,06
0012:  MOVLB  0
0014:  MOVFF  FE9,0C
0018:  MOVFF  FEA,07
001C:  MOVFF  FE1,08
0020:  MOVFF  FE2,09
0024:  MOVFF  FD9,0A
0028:  MOVFF  FDA,0B
002C:  MOVFF  FF3,12
0030:  MOVFF  FF4,13
0034:  MOVFF  FFA,14
0038:  MOVFF  FF5,15
003C:  MOVFF  FF6,16
0040:  MOVFF  FF7,17
0044:  MOVFF  00,0E
0048:  MOVFF  01,0F
004C:  MOVFF  02,10
0050:  MOVFF  03,11
0054:  BTFSS  F9D.5
0056:  GOTO   0060
005A:  BTFSC  F9E.5
005C:  GOTO   02B6
0060:  MOVFF  0E,00
0064:  MOVFF  0F,01
0068:  MOVFF  10,02
006C:  MOVFF  11,03
0070:  MOVFF  0C,FE9
0074:  MOVFF  07,FEA
0078:  BSF    07.7
007A:  MOVFF  08,FE1
007E:  MOVFF  09,FE2
0082:  MOVFF  0A,FD9
0086:  MOVFF  0B,FDA
008A:  MOVFF  12,FF3
008E:  MOVFF  13,FF4
0092:  MOVFF  14,FFA
0096:  MOVFF  15,FF5
009A:  MOVFF  16,FF6
009E:  MOVFF  17,FF7
00A2:  MOVF   04,W
00A4:  MOVFF  06,FE0
00A8:  MOVFF  05,FD8
00AC:  RETFIE 0
.................... #include <18f2550.h>	//Tipo de procesador 
.................... //////////// Standard Header file for the PIC18F2550 device //////////////// 
.................... /////////////////////////////////////////////////////////////////////////// 
.................... ////        (C) Copyright 1996, 2014 Custom Computer Services          //// 
.................... //// This source code may only be used by licensed users of the CCS C  //// 
.................... //// compiler.  This source code may only be distributed to other      //// 
.................... //// licensed users of the CCS C compiler.  No other use, reproduction //// 
.................... //// or distribution is permitted without written permission.          //// 
.................... //// Derivative programs created using this software in object code    //// 
.................... //// form are not restricted in any way.                               //// 
.................... /////////////////////////////////////////////////////////////////////////// 
.................... #device PIC18F2550 
*
016A:  MOVF   3B,W
016C:  CLRF   01
016E:  SUBWF  3A,W
0170:  BC    0178
0172:  MOVFF  3A,00
0176:  BRA    0190
0178:  CLRF   00
017A:  MOVLW  08
017C:  MOVWF  3C
017E:  RLCF   3A,F
0180:  RLCF   00,F
0182:  MOVF   3B,W
0184:  SUBWF  00,W
0186:  BTFSC  FD8.0
0188:  MOVWF  00
018A:  RLCF   01,F
018C:  DECFSZ 3C,F
018E:  BRA    017E
0190:  RETURN 0
*
020A:  MOVLW  20
020C:  BTFSS  35.4
020E:  MOVLW  30
0210:  MOVWF  36
0212:  MOVFF  34,00
0216:  BTFSS  34.7
0218:  BRA    022A
021A:  COMF   00,F
021C:  INCF   00,F
021E:  MOVFF  00,34
0222:  MOVLW  2D
0224:  MOVWF  36
0226:  BSF    35.7
0228:  BSF    35.0
022A:  MOVF   01,W
022C:  MOVFF  34,3A
0230:  MOVLW  64
0232:  MOVWF  3B
0234:  RCALL  016A
0236:  MOVFF  00,34
023A:  MOVLW  30
023C:  ADDWF  01,W
023E:  MOVWF  37
0240:  MOVFF  34,3A
0244:  MOVLW  0A
0246:  MOVWF  3B
0248:  RCALL  016A
024A:  MOVLW  30
024C:  ADDWF  00,W
024E:  MOVWF  39
0250:  MOVLW  30
0252:  ADDWF  01,W
0254:  MOVWF  38
0256:  MOVFF  36,00
025A:  MOVLW  30
025C:  SUBWF  37,W
025E:  BZ    0268
0260:  BSF    35.1
0262:  BTFSC  35.7
0264:  BSF    35.2
0266:  BRA    028C
0268:  MOVFF  36,37
026C:  MOVLW  20
026E:  MOVWF  36
0270:  MOVLW  30
0272:  SUBWF  38,W
0274:  BZ    027E
0276:  BSF    35.0
0278:  BTFSC  35.7
027A:  BSF    35.1
027C:  BRA    028C
027E:  BTFSS  FD8.2
0280:  BSF    35.0
0282:  BNZ   028C
0284:  MOVFF  37,38
0288:  MOVLW  20
028A:  MOVWF  37
028C:  BTFSC  35.2
028E:  BRA    029A
0290:  BTFSC  35.1
0292:  BRA    02A0
0294:  BTFSC  35.0
0296:  BRA    02A6
0298:  BRA    02AC
029A:  MOVFF  36,3A
029E:  RCALL  01BA
02A0:  MOVFF  37,3A
02A4:  RCALL  01BA
02A6:  MOVFF  38,3A
02AA:  RCALL  01BA
02AC:  MOVFF  39,3A
02B0:  RCALL  01BA
02B2:  GOTO   02D2 (RETURN)
*
02D8:  DATA 41,54
02DA:  DATA 2B,43
02DC:  DATA 4D,47
02DE:  DATA 53,3D
02E0:  DATA 3F,00
02E2:  DATA 41,54
02E4:  DATA 2B,43
02E6:  DATA 4D,47
02E8:  DATA 53,3D
02EA:  DATA 3F,0D
02EC:  DATA 00,00
02EE:  DATA 41,54
02F0:  DATA 2B,43
02F2:  DATA 4D,47
02F4:  DATA 46,3D
02F6:  DATA 31,00
02F8:  DATA 41,54
02FA:  DATA 2B,43
02FC:  DATA 4D,47
02FE:  DATA 46,3D
0300:  DATA 31,0D
0302:  DATA 00,00
0304:  DATA 41,54
0306:  DATA 2B,43
0308:  DATA 4D,47
030A:  DATA 53,3D
030C:  DATA 22,2B
030E:  DATA 35,39
0310:  DATA 33,39
0312:  DATA 35,39
0314:  DATA 39,38
0316:  DATA 34,31
0318:  DATA 31,30
031A:  DATA 22,00
031C:  DATA 41,54
031E:  DATA 2B,43
0320:  DATA 4D,47
0322:  DATA 53,3D
0324:  DATA 22,2B
0326:  DATA 35,39
0328:  DATA 33,39
032A:  DATA 35,39
032C:  DATA 39,38
032E:  DATA 34,31
0330:  DATA 31,30
0332:  DATA 22,0D
0334:  DATA 00,00
0336:  DATA 50,72
0338:  DATA 75,65
033A:  DATA 62,61
033C:  DATA 00,00
033E:  DATA 50,72
0340:  DATA 75,65
0342:  DATA 62,61
0344:  DATA 00,00
*
0402:  TBLRD*+
0404:  MOVF   FF5,F
0406:  BZ    042C
0408:  MOVFF  FF6,28
040C:  MOVFF  FF7,29
0410:  CLRF   19
0412:  BTFSC  FF2.7
0414:  BSF    19.7
0416:  BCF    FF2.7
0418:  MOVFF  FF5,3A
041C:  RCALL  01BA
041E:  BTFSC  19.7
0420:  BSF    FF2.7
0422:  MOVFF  28,FF6
0426:  MOVFF  29,FF7
042A:  BRA    0402
042C:  RETURN 0
042E:  TBLRD*+
0430:  MOVF   FF5,F
0432:  BZ    044E
0434:  MOVFF  FF6,28
0438:  MOVFF  FF7,29
043C:  MOVF   FF5,W
043E:  BTFSS  F9E.4
0440:  BRA    043E
0442:  MOVWF  FAD
0444:  MOVFF  28,FF6
0448:  MOVFF  29,FF7
044C:  BRA    042E
044E:  RETURN 0
....................  
.................... #list 
....................  
....................  
.................... #use delay(clock=4000000)			//Frecuencia de trabajo 
*
0192:  CLRF   FEA
0194:  MOVLW  3B
0196:  MOVWF  FE9
0198:  MOVF   FEF,W
019A:  BZ    01B8
019C:  MOVLW  01
019E:  MOVWF  01
01A0:  CLRF   00
01A2:  DECFSZ 00,F
01A4:  BRA    01A2
01A6:  DECFSZ 01,F
01A8:  BRA    01A0
01AA:  MOVLW  4A
01AC:  MOVWF  00
01AE:  DECFSZ 00,F
01B0:  BRA    01AE
01B2:  BRA    01B4
01B4:  DECFSZ FEF,F
01B6:  BRA    019C
01B8:  RETURN 0
....................  
.................... #fuses 	EC_IO			//Oscilador externo, RA6=E/S,PLL OFF (CONFIG1H)	 
.................... #fuses 	CPUDIV1			//Postcaler OSC/1, Frec. CPU=4MHz/1=4MHz (CONFIG1L) 
.................... 						//Ciclo de instrucción = 1uS (1/(4000000/4)) 
....................  
.................... #fuses PUT,NOBROWNOUT,NOWDT,NOPBADEN,NOLVP 
....................  
.................... #define LCD_DATA_PORT getenv("SFR:PORTB")  
.................... #include <lcd.c> //No se usa fast_io en la puerta 
.................... /////////////////////////////////////////////////////////////////////////////// 
.................... ////                             LCD.C                                     //// 
.................... ////                 Driver for common LCD modules                         //// 
.................... ////                                                                       //// 
.................... ////  lcd_init()   Must be called before any other function.               //// 
.................... ////                                                                       //// 
.................... ////  lcd_putc(c)  Will display c on the next position of the LCD.         //// 
.................... ////                 \a  Set cursor position to upper left                 //// 
.................... ////                 \f  Clear display, set cursor to upper left           //// 
.................... ////                 \n  Go to start of second line                        //// 
.................... ////                 \b  Move back one position                            //// 
.................... ////              If LCD_EXTENDED_NEWLINE is defined, the \n character     //// 
.................... ////              will erase all remanining characters on the current      //// 
.................... ////              line, and move the cursor to the beginning of the next   //// 
.................... ////              line.                                                    //// 
.................... ////              If LCD_EXTENDED_NEWLINE is defined, the \r character     //// 
.................... ////              will move the cursor to the start of the current         //// 
.................... ////              line.                                                    //// 
.................... ////                                                                       //// 
.................... ////  lcd_gotoxy(x,y) Set write position on LCD (upper left is 1,1)        //// 
.................... ////                                                                       //// 
.................... ////  lcd_getc(x,y)   Returns character at position x,y on LCD             //// 
.................... ////                                                                       //// 
.................... ////  lcd_cursor_on(int1 on)   Turn the cursor on (on=TRUE) or off         //// 
.................... ////              (on=FALSE).                                              //// 
.................... ////                                                                       //// 
.................... ////  lcd_set_cgram_char(w, *p)   Write a custom character to the CGRAM.   //// 
.................... ////                                                                       //// 
.................... ////                                                                       //// 
.................... ////  CONFIGURATION                                                        //// 
.................... ////  The LCD can be configured in one of two ways: a.) port access or     //// 
.................... ////  b.) pin access.  Port access requires the entire 7 bit interface     //// 
.................... ////  connected to one GPIO port, and the data bits (D4:D7 of the LCD)     //// 
.................... ////  connected to sequential pins on the GPIO.  Pin access                //// 
.................... ////  has no requirements, all 7 bits of the control interface can         //// 
.................... ////  can be connected to any GPIO using several ports.                    //// 
.................... ////                                                                       //// 
.................... ////  To use port access, #define LCD_DATA_PORT to the SFR location of     //// 
.................... ////  of the GPIO port that holds the interface, -AND- edit LCD_PIN_MAP    //// 
.................... ////  of this file to configure the pin order.  If you are using a         //// 
.................... ////  baseline PIC (PCB), then LCD_OUTPUT_MAP and LCD_INPUT_MAP also must  //// 
.................... ////  be defined.                                                          //// 
.................... ////                                                                       //// 
.................... ////  Example of port access:                                              //// 
.................... ////     #define LCD_DATA_PORT getenv("SFR:PORTD")                         //// 
.................... ////                                                                       //// 
.................... ////  To use pin access, the following pins must be defined:               //// 
.................... ////     LCD_ENABLE_PIN                                                    //// 
.................... ////     LCD_RS_PIN                                                        //// 
.................... ////     LCD_RW_PIN                                                        //// 
.................... ////     LCD_DATA4                                                         //// 
.................... ////     LCD_DATA5                                                         //// 
.................... ////     LCD_DATA6                                                         //// 
.................... ////     LCD_DATA7                                                         //// 
.................... ////                                                                       //// 
.................... ////  Example of pin access:                                               //// 
.................... ////     #define LCD_ENABLE_PIN  PIN_E0                                    //// 
.................... ////     #define LCD_RS_PIN      PIN_E1                                    //// 
.................... ////     #define LCD_RW_PIN      PIN_E2                                    //// 
.................... ////     #define LCD_DATA4       PIN_D4                                    //// 
.................... ////     #define LCD_DATA5       PIN_D5                                    //// 
.................... ////     #define LCD_DATA6       PIN_D6                                    //// 
.................... ////     #define LCD_DATA7       PIN_D7                                    //// 
.................... ////                                                                       //// 
.................... /////////////////////////////////////////////////////////////////////////////// 
.................... ////        (C) Copyright 1996,2010 Custom Computer Services           //// 
.................... //// This source code may only be used by licensed users of the CCS C  //// 
.................... //// compiler.  This source code may only be distributed to other      //// 
.................... //// licensed users of the CCS C compiler.  No other use, reproduction //// 
.................... //// or distribution is permitted without written permission.          //// 
.................... //// Derivative programs created using this software in object code    //// 
.................... //// form are not restricted in any way.                               //// 
.................... /////////////////////////////////////////////////////////////////////////// 
....................  
.................... #ifndef __LCD_C__ 
.................... #define __LCD_C__ 
....................  
.................... // define the pinout. 
.................... // only required if port access is being used. 
.................... typedef struct   
.................... {                            // This structure is overlayed 
....................    int1 enable;           // on to an I/O port to gain 
....................    int1 rs;               // access to the LCD pins. 
....................    int1 rw;               // The bits are allocated from 
....................    int1 unused;           // low order up.  ENABLE will 
....................    unsigned int     data : 4;         // be LSB pin of that port. 
....................   #if defined(__PCD__)       // The port used will be LCD_DATA_PORT. 
....................    unsigned int    reserved: 8; 
....................   #endif 
.................... } LCD_PIN_MAP; 
....................  
.................... // this is to improve compatability with previous LCD drivers that accepted 
.................... // a define labeled 'use_portb_lcd' that configured the LCD onto port B. 
.................... #if ((defined(use_portb_lcd)) && (use_portb_lcd==TRUE)) 
....................  #define LCD_DATA_PORT getenv("SFR:PORTB") 
.................... #endif 
....................  
.................... #if defined(__PCB__) 
....................    // these definitions only need to be modified for baseline PICs. 
....................    // all other PICs use LCD_PIN_MAP or individual LCD_xxx pin definitions. 
.................... /*                                    EN, RS,   RW,   UNUSED,  DATA  */ 
....................  const LCD_PIN_MAP LCD_OUTPUT_MAP =  {0,  0,    0,    0,       0}; 
....................  const LCD_PIN_MAP LCD_INPUT_MAP =   {0,  0,    0,    0,       0xF}; 
.................... #endif 
....................  
.................... ////////////////////// END CONFIGURATION /////////////////////////////////// 
....................  
.................... #ifndef LCD_ENABLE_PIN 
....................    #define lcd_output_enable(x) lcdlat.enable=x 
....................    #define lcd_enable_tris()   lcdtris.enable=0 
.................... #else 
....................    #define lcd_output_enable(x) output_bit(LCD_ENABLE_PIN, x) 
....................    #define lcd_enable_tris()  output_drive(LCD_ENABLE_PIN) 
.................... #endif 
....................  
.................... #ifndef LCD_RS_PIN 
....................    #define lcd_output_rs(x) lcdlat.rs=x 
....................    #define lcd_rs_tris()   lcdtris.rs=0 
.................... #else 
....................    #define lcd_output_rs(x) output_bit(LCD_RS_PIN, x) 
....................    #define lcd_rs_tris()  output_drive(LCD_RS_PIN) 
.................... #endif 
....................  
.................... #ifndef LCD_RW_PIN 
....................    #define lcd_output_rw(x) lcdlat.rw=x 
....................    #define lcd_rw_tris()   lcdtris.rw=0 
.................... #else 
....................    #define lcd_output_rw(x) output_bit(LCD_RW_PIN, x) 
....................    #define lcd_rw_tris()  output_drive(LCD_RW_PIN) 
.................... #endif 
....................  
.................... // original version of this library incorrectly labeled LCD_DATA0 as LCD_DATA4, 
.................... // LCD_DATA1 as LCD_DATA5, and so on.  this block of code makes the driver 
.................... // compatible with any code written for the original library 
.................... #if (defined(LCD_DATA0) && defined(LCD_DATA1) && defined(LCD_DATA2) && defined(LCD_DATA3) && !defined(LCD_DATA4) && !defined(LCD_DATA5) && !defined(LCD_DATA6) && !defined(LCD_DATA7)) 
....................    #define  LCD_DATA4    LCD_DATA0 
....................    #define  LCD_DATA5    LCD_DATA1 
....................    #define  LCD_DATA6    LCD_DATA2 
....................    #define  LCD_DATA7    LCD_DATA3 
.................... #endif 
....................  
.................... #ifndef LCD_DATA4 
.................... #ifndef LCD_DATA_PORT 
....................    #if defined(__PCB__) 
....................       #define LCD_DATA_PORT      0x06     //portb 
....................       #define set_tris_lcd(x)   set_tris_b(x) 
....................    #else 
....................      #if defined(PIN_D0) 
....................       #define LCD_DATA_PORT      getenv("SFR:PORTD")     //portd 
....................      #else 
....................       #define LCD_DATA_PORT      getenv("SFR:PORTB")     //portb 
....................      #endif 
....................    #endif    
.................... #endif 
....................  
.................... #if defined(__PCB__) 
....................    LCD_PIN_MAP lcd, lcdlat; 
....................    #byte lcd = LCD_DATA_PORT 
....................    #byte lcdlat = LCD_DATA_PORT 
.................... #elif defined(__PCM__) 
....................    LCD_PIN_MAP lcd, lcdlat, lcdtris; 
....................    #byte lcd = LCD_DATA_PORT 
....................    #byte lcdlat = LCD_DATA_PORT 
....................    #byte lcdtris = LCD_DATA_PORT+0x80 
.................... #elif defined(__PCH__) 
....................    LCD_PIN_MAP lcd, lcdlat, lcdtris; 
....................    #byte lcd = LCD_DATA_PORT 
....................    #byte lcdlat = LCD_DATA_PORT+9 
....................    #byte lcdtris = LCD_DATA_PORT+0x12 
.................... #elif defined(__PCD__) 
....................    LCD_PIN_MAP lcd, lcdlat, lcdtris; 
....................    #word lcd = LCD_DATA_PORT 
....................    #word lcdlat = LCD_DATA_PORT+2 
....................    #word lcdtris = LCD_DATA_PORT-0x02 
.................... #endif 
.................... #endif   //LCD_DATA4 not defined 
....................  
.................... #ifndef LCD_TYPE 
....................    #define LCD_TYPE 2           // 0=5x7, 1=5x10, 2=2 lines 
.................... #endif 
....................  
.................... #ifndef LCD_LINE_TWO 
....................    #define LCD_LINE_TWO 0x40    // LCD RAM address for the second line 
.................... #endif 
....................  
.................... #ifndef LCD_LINE_LENGTH 
....................    #define LCD_LINE_LENGTH 20 
.................... #endif 
....................  
.................... unsigned int8 lcd_read_nibble(void); 
....................  
.................... unsigned int8 lcd_read_byte(void) 
.................... { 
....................    unsigned int8 low,high; 
....................  
....................  #if defined(__PCB__) 
....................    set_tris_lcd(LCD_INPUT_MAP); 
....................  #else 
....................   #if (defined(LCD_DATA4) && defined(LCD_DATA5) && defined(LCD_DATA6) && defined(LCD_DATA7)) 
....................    output_float(LCD_DATA4); 
....................    output_float(LCD_DATA5); 
....................    output_float(LCD_DATA6); 
....................    output_float(LCD_DATA7); 
....................   #else 
....................    lcdtris.data = 0xF; 
*
00BA:  MOVLW  0F
00BC:  ANDWF  F93,W
00BE:  IORLW  F0
00C0:  MOVWF  F93
....................   #endif 
....................  #endif 
....................          
....................    lcd_output_rw(1); 
00C2:  BSF    F8A.2
....................    delay_cycles(1); 
00C4:  NOP   
....................    lcd_output_enable(1); 
00C6:  BSF    F8A.0
....................    delay_cycles(1); 
00C8:  NOP   
....................    high = lcd_read_nibble(); 
00CA:  RCALL  00AE
00CC:  MOVFF  01,42
....................        
....................    lcd_output_enable(0); 
00D0:  BCF    F8A.0
....................    delay_cycles(1); 
00D2:  NOP   
....................    lcd_output_enable(1); 
00D4:  BSF    F8A.0
....................    delay_us(1); 
00D6:  NOP   
....................    low = lcd_read_nibble(); 
00D8:  RCALL  00AE
00DA:  MOVFF  01,41
....................        
....................    lcd_output_enable(0); 
00DE:  BCF    F8A.0
....................  
....................  #if defined(__PCB__) 
....................    set_tris_lcd(LCD_OUTPUT_MAP); 
....................  #else 
....................   #if (defined(LCD_DATA4) && defined(LCD_DATA5) && defined(LCD_DATA6) && defined(LCD_DATA7)) 
....................    output_drive(LCD_DATA4); 
....................    output_drive(LCD_DATA5); 
....................    output_drive(LCD_DATA6); 
....................    output_drive(LCD_DATA7); 
....................   #else 
....................    lcdtris.data = 0x0; 
00E0:  MOVLW  0F
00E2:  ANDWF  F93,W
00E4:  MOVWF  F93
....................   #endif 
....................  #endif 
....................  
....................    return( (high<<4) | low); 
00E6:  SWAPF  42,W
00E8:  MOVWF  00
00EA:  MOVLW  F0
00EC:  ANDWF  00,F
00EE:  MOVF   00,W
00F0:  IORWF  41,W
00F2:  MOVWF  01
00F4:  RETURN 0
.................... } 
....................  
.................... unsigned int8 lcd_read_nibble(void) 
.................... { 
....................   #if (defined(LCD_DATA4) && defined(LCD_DATA5) && defined(LCD_DATA6) && defined(LCD_DATA7)) 
....................    unsigned int8 n = 0x00; 
....................  
....................    /* Read the data port */ 
....................    n |= input(LCD_DATA4); 
....................    n |= input(LCD_DATA5) << 1; 
....................    n |= input(LCD_DATA6) << 2; 
....................    n |= input(LCD_DATA7) << 3; 
....................     
....................    return(n); 
....................   #else 
....................    return(lcd.data); 
*
00AE:  MOVF   F81,W
00B0:  MOVWF  00
00B2:  SWAPF  00,W
00B4:  ANDLW  0F
00B6:  MOVWF  01
....................   #endif 
00B8:  RETURN 0
.................... } 
....................  
.................... void lcd_send_nibble(unsigned int8 n) 
.................... { 
....................   #if (defined(LCD_DATA4) && defined(LCD_DATA5) && defined(LCD_DATA6) && defined(LCD_DATA7)) 
....................    /* Write to the data port */ 
....................    output_bit(LCD_DATA4, bit_test(n, 0)); 
....................    output_bit(LCD_DATA5, bit_test(n, 1)); 
....................    output_bit(LCD_DATA6, bit_test(n, 2)); 
....................    output_bit(LCD_DATA7, bit_test(n, 3)); 
....................   #else       
....................    lcdlat.data = n; 
*
00F6:  SWAPF  42,W
00F8:  ANDLW  F0
00FA:  MOVWF  00
00FC:  MOVLW  0F
00FE:  ANDWF  F8A,W
0100:  IORWF  00,W
0102:  MOVWF  F8A
....................   #endif 
....................        
....................    delay_cycles(1); 
0104:  NOP   
....................    lcd_output_enable(1); 
0106:  BSF    F8A.0
....................    delay_us(2); 
0108:  BRA    010A
....................    lcd_output_enable(0); 
010A:  BCF    F8A.0
010C:  RETURN 0
.................... } 
....................  
.................... void lcd_send_byte(unsigned int8 address, unsigned int8 n) 
.................... { 
....................   #if defined(__PCB__) 
....................    set_tris_lcd(LCD_OUTPUT_MAP); 
....................   #else 
....................    lcd_enable_tris(); 
010E:  BCF    F93.0
....................    lcd_rs_tris(); 
0110:  BCF    F93.1
....................    lcd_rw_tris(); 
0112:  BCF    F93.2
....................   #endif 
....................  
....................    lcd_output_rs(0); 
0114:  BCF    F8A.1
....................    while ( bit_test(lcd_read_byte(),7) ) ; 
0116:  RCALL  00BA
0118:  MOVFF  01,41
011C:  BTFSC  01.7
011E:  BRA    0116
....................    lcd_output_rs(address); 
0120:  BCF    F8A.1
0122:  BTFSC  3F.0
0124:  BSF    F8A.1
....................    delay_cycles(1); 
0126:  NOP   
....................    lcd_output_rw(0); 
0128:  BCF    F8A.2
....................    delay_cycles(1); 
012A:  NOP   
....................    lcd_output_enable(0); 
012C:  BCF    F8A.0
....................    lcd_send_nibble(n >> 4); 
012E:  SWAPF  40,W
0130:  MOVWF  41
0132:  MOVLW  0F
0134:  ANDWF  41,F
0136:  MOVFF  41,42
013A:  RCALL  00F6
....................    lcd_send_nibble(n & 0xf); 
013C:  MOVF   40,W
013E:  ANDLW  0F
0140:  MOVWF  41
0142:  MOVWF  42
0144:  RCALL  00F6
0146:  RETURN 0
.................... } 
....................  
.................... #if defined(LCD_EXTENDED_NEWLINE) 
.................... unsigned int8 g_LcdX, g_LcdY; 
.................... #endif 
....................  
.................... void lcd_init(void)  
.................... { 
....................    unsigned int8 i; 
....................    unsigned int8 LCD_INIT_STRING[4] = {0x20 | (LCD_TYPE << 2), 0xc, 1, 6}; 
*
0346:  MOVLW  28
0348:  MOVWF  29
034A:  MOVLW  0C
034C:  MOVWF  2A
034E:  MOVLW  01
0350:  MOVWF  2B
0352:  MOVLW  06
0354:  MOVWF  2C
....................                              // These bytes need to be sent to the LCD 
....................                              // to start it up. 
....................     
....................  
....................    lcd_output_enable(0); 
0356:  BCF    F8A.0
....................    lcd_output_rs(0); 
0358:  BCF    F8A.1
....................    lcd_output_rw(0); 
035A:  BCF    F8A.2
....................  
....................  #if defined(__PCB__) 
....................    set_tris_lcd(LCD_OUTPUT_MAP); 
....................  #else 
....................   #if (defined(LCD_DATA4) && defined(LCD_DATA5) && defined(LCD_DATA6) && defined(LCD_DATA7)) 
....................    output_drive(LCD_DATA4); 
....................    output_drive(LCD_DATA5); 
....................    output_drive(LCD_DATA6); 
....................    output_drive(LCD_DATA7); 
....................   #else 
....................    lcdtris.data = 0x0; 
035C:  MOVLW  0F
035E:  ANDWF  F93,W
0360:  MOVWF  F93
....................   #endif 
....................    lcd_enable_tris(); 
0362:  BCF    F93.0
....................    lcd_rs_tris(); 
0364:  BCF    F93.1
....................    lcd_rw_tris(); 
0366:  BCF    F93.2
0368:  CLRF   19
036A:  BTFSC  FF2.7
036C:  BSF    19.7
036E:  BCF    FF2.7
....................  #endif 
....................      
....................    delay_ms(15); 
0370:  MOVLW  0F
0372:  MOVWF  3B
0374:  RCALL  0192
0376:  BTFSC  19.7
0378:  BSF    FF2.7
....................    for(i=1;i<=3;++i) 
037A:  MOVLW  01
037C:  MOVWF  28
037E:  MOVF   28,W
0380:  SUBLW  03
0382:  BNC   03AC
0384:  CLRF   19
0386:  BTFSC  FF2.7
0388:  BSF    19.7
038A:  BCF    FF2.7
....................    { 
....................        lcd_send_nibble(3); 
038C:  MOVLW  03
038E:  MOVWF  42
0390:  RCALL  00F6
0392:  BTFSC  19.7
0394:  BSF    FF2.7
0396:  CLRF   19
0398:  BTFSC  FF2.7
039A:  BSF    19.7
039C:  BCF    FF2.7
....................        delay_ms(5); 
039E:  MOVLW  05
03A0:  MOVWF  3B
03A2:  RCALL  0192
03A4:  BTFSC  19.7
03A6:  BSF    FF2.7
03A8:  INCF   28,F
03AA:  BRA    037E
03AC:  CLRF   19
03AE:  BTFSC  FF2.7
03B0:  BSF    19.7
03B2:  BCF    FF2.7
....................    } 
....................     
....................    lcd_send_nibble(2); 
03B4:  MOVLW  02
03B6:  MOVWF  42
03B8:  RCALL  00F6
03BA:  BTFSC  19.7
03BC:  BSF    FF2.7
03BE:  CLRF   19
03C0:  BTFSC  FF2.7
03C2:  BSF    19.7
03C4:  BCF    FF2.7
....................    delay_ms(5); 
03C6:  MOVLW  05
03C8:  MOVWF  3B
03CA:  RCALL  0192
03CC:  BTFSC  19.7
03CE:  BSF    FF2.7
....................    for(i=0;i<=3;++i) 
03D0:  CLRF   28
03D2:  MOVF   28,W
03D4:  SUBLW  03
03D6:  BNC   03FE
....................       lcd_send_byte(0,LCD_INIT_STRING[i]); 
03D8:  CLRF   03
03DA:  MOVF   28,W
03DC:  ADDLW  29
03DE:  MOVWF  FE9
03E0:  MOVLW  00
03E2:  ADDWFC 03,W
03E4:  MOVWF  FEA
03E6:  MOVFF  FEF,40
03EA:  CLRF   19
03EC:  BTFSC  FF2.7
03EE:  BSF    19.7
03F0:  BCF    FF2.7
03F2:  CLRF   3F
03F4:  RCALL  010E
03F6:  BTFSC  19.7
03F8:  BSF    FF2.7
....................  
....................   #if defined(LCD_EXTENDED_NEWLINE) 
03FA:  INCF   28,F
03FC:  BRA    03D2
03FE:  GOTO   0484 (RETURN)
....................    g_LcdX = 0; 
....................    g_LcdY = 0; 
....................   #endif 
.................... } 
....................  
.................... void lcd_gotoxy(unsigned int8 x, unsigned int8 y) 
.................... { 
....................    unsigned int8 address; 
....................     
....................    if(y!=1) 
*
0148:  DECFSZ 3C,W
014A:  BRA    014E
014C:  BRA    0154
....................       address=LCD_LINE_TWO; 
014E:  MOVLW  40
0150:  MOVWF  3D
0152:  BRA    0156
....................    else 
....................       address=0; 
0154:  CLRF   3D
....................       
....................    address+=x-1; 
0156:  MOVLW  01
0158:  SUBWF  3B,W
015A:  ADDWF  3D,F
....................    lcd_send_byte(0,0x80|address); 
015C:  MOVF   3D,W
015E:  IORLW  80
0160:  MOVWF  3E
0162:  CLRF   3F
0164:  MOVWF  40
0166:  RCALL  010E
....................  
....................   #if defined(LCD_EXTENDED_NEWLINE) 
0168:  RETURN 0
....................    g_LcdX = x - 1; 
....................    g_LcdY = y - 1; 
....................   #endif 
.................... } 
....................  
.................... void lcd_putc(char c) 
.................... { 
....................    switch (c) 
*
01BA:  MOVF   3A,W
01BC:  XORLW  07
01BE:  BZ    01CE
01C0:  XORLW  0B
01C2:  BZ    01D8
01C4:  XORLW  06
01C6:  BZ    01E8
01C8:  XORLW  02
01CA:  BZ    01F4
01CC:  BRA    01FE
....................    { 
....................       case '\a'   :  lcd_gotoxy(1,1);     break; 
01CE:  MOVLW  01
01D0:  MOVWF  3B
01D2:  MOVWF  3C
01D4:  RCALL  0148
01D6:  BRA    0208
....................  
....................       case '\f'   :  lcd_send_byte(0,1); 
01D8:  CLRF   3F
01DA:  MOVLW  01
01DC:  MOVWF  40
01DE:  RCALL  010E
....................                      delay_ms(2); 
01E0:  MOVLW  02
01E2:  MOVWF  3B
01E4:  RCALL  0192
....................                     #if defined(LCD_EXTENDED_NEWLINE) 
....................                      g_LcdX = 0; 
....................                      g_LcdY = 0; 
....................                     #endif 
....................                      break; 
01E6:  BRA    0208
....................  
....................      #if defined(LCD_EXTENDED_NEWLINE) 
....................       case '\r'   :  lcd_gotoxy(1, g_LcdY+1);   break; 
....................       case '\n'   : 
....................          while (g_LcdX++ < LCD_LINE_LENGTH) 
....................          { 
....................             lcd_send_byte(1, ' '); 
....................          } 
....................          lcd_gotoxy(1, g_LcdY+2); 
....................          break; 
....................      #else 
....................       case '\n'   : lcd_gotoxy(1,2);        break; 
01E8:  MOVLW  01
01EA:  MOVWF  3B
01EC:  MOVLW  02
01EE:  MOVWF  3C
01F0:  RCALL  0148
01F2:  BRA    0208
....................      #endif 
....................       
....................       case '\b'   : lcd_send_byte(0,0x10);  break; 
01F4:  CLRF   3F
01F6:  MOVLW  10
01F8:  MOVWF  40
01FA:  RCALL  010E
01FC:  BRA    0208
....................       
....................      #if defined(LCD_EXTENDED_NEWLINE) 
....................       default     :  
....................          if (g_LcdX < LCD_LINE_LENGTH) 
....................          { 
....................             lcd_send_byte(1, c); 
....................             g_LcdX++; 
....................          } 
....................          break; 
....................      #else 
....................       default     : lcd_send_byte(1,c);     break; 
01FE:  MOVLW  01
0200:  MOVWF  3F
0202:  MOVFF  3A,40
0206:  RCALL  010E
....................      #endif 
....................    } 
0208:  RETURN 0
.................... } 
....................   
.................... char lcd_getc(unsigned int8 x, unsigned int8 y) 
.................... { 
....................    char value; 
....................  
....................    lcd_gotoxy(x,y); 
....................    while ( bit_test(lcd_read_byte(),7) ); // wait until busy flag is low 
....................    lcd_output_rs(1); 
....................    value = lcd_read_byte(); 
....................    lcd_output_rs(0); 
....................     
....................    return(value); 
.................... } 
....................  
.................... // write a custom character to the ram 
.................... // which is 0-7 and specifies which character array we are modifying. 
.................... // ptr points to an array of 8 bytes, where each byte is the next row of 
.................... //    pixels.  only bits 0-4 are used.  the last row is the cursor row, and 
.................... //    usually you will want to leave this byte 0x00. 
.................... void lcd_set_cgram_char(unsigned int8 which, unsigned int8 *ptr) 
.................... { 
....................    unsigned int i; 
....................  
....................    which <<= 3; 
....................    which &= 0x38; 
....................  
....................    lcd_send_byte(0, 0x40 | which);  //set cgram address 
....................  
....................    for(i=0; i<8; i++) 
....................    { 
....................       lcd_send_byte(1, *ptr++); 
....................    } 
....................    
....................    #if defined(LCD_EXTENDED_NEWLINE) 
....................     lcd_gotoxy(g_LcdX+1, g_LcdY+1);  //set ddram address 
....................    #endif 
.................... } 
....................  
.................... void lcd_cursor_on(int1 on) 
.................... { 
....................    if (on) 
....................    { 
....................       lcd_send_byte(0,0x0F);           //turn LCD cursor ON 
....................    } 
....................    else 
....................    { 
....................       lcd_send_byte(0,0x0C);           //turn LCD cursor OFF 
....................    } 
.................... } 
....................  
.................... #endif 
....................  
....................  
.................... //Habilita las funciones RS232, velocidad a 9600 baudios 
.................... #use rs232(Baud=9600,xmit=PIN_C6, rcv=PIN_C7) 
*
0450:  BTFSS  F9E.4
0452:  BRA    0450
0454:  MOVWF  FAD
0456:  RETURN 0
....................  
.................... #use fast_io (C) 
....................  
.................... char dato[10];		//Variable para almacena el dato recibido 
.................... char c; 
....................  
.................... #int_rda			//Vector de interrupción al recibir por el UART 
.................... tratamiento() 
.................... {	 
.................... 	//gets(dato);	//Lee el dato recibido hasta el enter<CR> (13) 
.................... 	c = getc(); 
*
02B6:  BTFSS  F9E.5
02B8:  BRA    02B6
02BA:  MOVFF  FAE,24
.................... 	lcd_gotoxy(1,2); 
02BE:  MOVLW  01
02C0:  MOVWF  3B
02C2:  MOVLW  02
02C4:  MOVWF  3C
02C6:  RCALL  0148
.................... 	//printf(lcd_putc, "%s", dato); 
.................... 	printf(lcd_putc, "%d", c); 
02C8:  MOVFF  24,34
02CC:  MOVLW  18
02CE:  MOVWF  35
02D0:  BRA    020A
02D2:  BCF    F9E.5
02D4:  GOTO   0060
.................... }	 
....................  
.................... void main(){ 
*
0458:  CLRF   FF8
045A:  BCF    FD0.7
045C:  BSF    07.7
045E:  BCF    FB8.3
0460:  MOVLW  19
0462:  MOVWF  FAF
0464:  MOVLW  A6
0466:  MOVWF  FAC
0468:  MOVLW  90
046A:  MOVWF  FAB
046C:  CLRF   26
046E:  CLRF   25
0470:  MOVF   FC1,W
0472:  ANDLW  C0
0474:  IORLW  0F
0476:  MOVWF  FC1
0478:  MOVLW  07
047A:  MOVWF  FB4
047C:  CLRF   27
.................... 	int cont=0; 
.................... 	set_tris_c(0b10111111);	//RC7/Rx entrada, RC6/Tx salida	 
047E:  MOVLW  BF
0480:  MOVWF  F94
.................... 	//setup_uart(uart_autodetect);	//Activa ciclo de auto detección de baudios 
.................... 	lcd_init(); 
0482:  BRA    0346
.................... 	enable_interrupts(INT_RDA);		//Activa interrupción en la recepción 
0484:  BSF    F9D.5
.................... 	enable_interrupts(global);		//Habilita interrupciones 
0486:  MOVLW  C0
0488:  IORWF  FF2,F
048A:  CLRF   19
048C:  BTFSC  FF2.7
048E:  BSF    19.7
0490:  BCF    FF2.7
.................... 	 
.................... 	lcd_gotoxy(1,1); 
0492:  MOVLW  01
0494:  MOVWF  3B
0496:  MOVWF  3C
0498:  RCALL  0148
049A:  BTFSC  19.7
049C:  BSF    FF2.7
.................... 	printf(lcd_putc, "AT+CMGS=?"); 
049E:  MOVLW  D8
04A0:  MOVWF  FF6
04A2:  MOVLW  02
04A4:  MOVWF  FF7
04A6:  RCALL  0402
.................... 	printf("AT+CMGS=?\r"); //Tiene que responder OK 
04A8:  MOVLW  E2
04AA:  MOVWF  FF6
04AC:  MOVLW  02
04AE:  MOVWF  FF7
04B0:  RCALL  042E
.................... 	delay_ms(1000); 
04B2:  MOVLW  04
04B4:  MOVWF  28
04B6:  CLRF   19
04B8:  BTFSC  FF2.7
04BA:  BSF    19.7
04BC:  BCF    FF2.7
04BE:  MOVLW  FA
04C0:  MOVWF  3B
04C2:  RCALL  0192
04C4:  BTFSC  19.7
04C6:  BSF    FF2.7
04C8:  DECFSZ 28,F
04CA:  BRA    04B6
04CC:  CLRF   19
04CE:  BTFSC  FF2.7
04D0:  BSF    19.7
04D2:  BCF    FF2.7
....................  
.................... 	lcd_gotoxy(1,1); 
04D4:  MOVLW  01
04D6:  MOVWF  3B
04D8:  MOVWF  3C
04DA:  RCALL  0148
04DC:  BTFSC  19.7
04DE:  BSF    FF2.7
.................... 	printf(lcd_putc, "AT+CMGF=1"); 
04E0:  MOVLW  EE
04E2:  MOVWF  FF6
04E4:  MOVLW  02
04E6:  MOVWF  FF7
04E8:  RCALL  0402
.................... 	printf("AT+CMGF=1\r"); //Modo texto 
04EA:  MOVLW  F8
04EC:  MOVWF  FF6
04EE:  MOVLW  02
04F0:  MOVWF  FF7
04F2:  RCALL  042E
.................... 	delay_ms(1000); 
04F4:  MOVLW  04
04F6:  MOVWF  28
04F8:  CLRF   19
04FA:  BTFSC  FF2.7
04FC:  BSF    19.7
04FE:  BCF    FF2.7
0500:  MOVLW  FA
0502:  MOVWF  3B
0504:  RCALL  0192
0506:  BTFSC  19.7
0508:  BSF    FF2.7
050A:  DECFSZ 28,F
050C:  BRA    04F8
050E:  CLRF   19
0510:  BTFSC  FF2.7
0512:  BSF    19.7
0514:  BCF    FF2.7
....................  
.................... 	lcd_gotoxy(1,1); 
0516:  MOVLW  01
0518:  MOVWF  3B
051A:  MOVWF  3C
051C:  RCALL  0148
051E:  BTFSC  19.7
0520:  BSF    FF2.7
.................... 	printf(lcd_putc, "AT+CMGS=\"+593959984110\""); 
0522:  MOVLW  04
0524:  MOVWF  FF6
0526:  MOVLW  03
0528:  MOVWF  FF7
052A:  RCALL  0402
.................... 	printf("AT+CMGS=\"+593959984110\"\r"); //Numero de telefono 
052C:  MOVLW  1C
052E:  MOVWF  FF6
0530:  MOVLW  03
0532:  MOVWF  FF7
0534:  RCALL  042E
.................... 	delay_ms(1000); 
0536:  MOVLW  04
0538:  MOVWF  28
053A:  CLRF   19
053C:  BTFSC  FF2.7
053E:  BSF    19.7
0540:  BCF    FF2.7
0542:  MOVLW  FA
0544:  MOVWF  3B
0546:  RCALL  0192
0548:  BTFSC  19.7
054A:  BSF    FF2.7
054C:  DECFSZ 28,F
054E:  BRA    053A
0550:  CLRF   19
0552:  BTFSC  FF2.7
0554:  BSF    19.7
0556:  BCF    FF2.7
....................  
.................... 	lcd_gotoxy(1,1); 
0558:  MOVLW  01
055A:  MOVWF  3B
055C:  MOVWF  3C
055E:  RCALL  0148
0560:  BTFSC  19.7
0562:  BSF    FF2.7
.................... 	printf(lcd_putc, "Prueba"); 
0564:  MOVLW  36
0566:  MOVWF  FF6
0568:  MOVLW  03
056A:  MOVWF  FF7
056C:  RCALL  0402
.................... 	printf("Prueba"); //Mensaje 
056E:  MOVLW  3E
0570:  MOVWF  FF6
0572:  MOVLW  03
0574:  MOVWF  FF7
0576:  RCALL  042E
.................... 	putc(26); // CTRL+Z 
0578:  MOVLW  1A
057A:  RCALL  0450
.................... 	putc('\r'); 
057C:  MOVLW  0D
057E:  RCALL  0450
.................... 	delay_ms(1000); 
0580:  MOVLW  04
0582:  MOVWF  28
0584:  CLRF   19
0586:  BTFSC  FF2.7
0588:  BSF    19.7
058A:  BCF    FF2.7
058C:  MOVLW  FA
058E:  MOVWF  3B
0590:  RCALL  0192
0592:  BTFSC  19.7
0594:  BSF    FF2.7
0596:  DECFSZ 28,F
0598:  BRA    0584
....................  
.................... 	while(1) 
.................... 	{	 
059A:  BRA    059A
.................... 		 
.................... 	} 
.................... } 
059C:  SLEEP 

Configuration Fuses:
   Word  1: C427   PLL12 CPUDIV1 USBDIV EC_IO FCMEN IESO
   Word  2: 1E38   PUT NOBROWNOUT BORV21 VREGEN NOWDT WDT32768
   Word  3: 8500   CCP2C1 NOPBADEN LPT1OSC MCLR
   Word  4: 0081   STVREN NOLVP NOXINST NODEBUG
   Word  5: C00F   NOPROTECT NOCPB NOCPD
   Word  6: E00F   NOWRT NOWRTC NOWRTB NOWRTD
   Word  7: 400F   NOEBTR NOEBTRB
