
ROM used:   1000/32768 (3%)
            1000/32768 (3%) including unused fragments

            0.8 Average locations per line
            10.4 Average locations per statement

RAM used:   29/2048 (1%) at main() level
            49/2048 (2%) worst case

Stack used: 9 worst case (3 in main + 6 for interrupts)
Stack size: 31

Lines Stmts  %   Files
----- ----- ---  -----
   43    12  12  main.c
  779     0   0  18f2550.h
  456    84  88  lcd.c
----- -----
 1278    96 Total

Page ROM  %  RAM    Vol Diff  Functions:
---- --- --- ---    --- ----  ----------
0     40   2    1             @delay_ms1
0     60   3    3    596  5.9  lcd_read_byte
0     12   1    0     59  4.2  lcd_read_nibble
0     24   1    1    179  3.3  lcd_send_nibble
0     58   3    3    460  4.7  lcd_send_byte
0    188   9    6    814  7.2  lcd_init
0     34   2    4    208  6.3  lcd_gotoxy
0     80   4    1    354  4.7  lcd_putc
0     26   1    0     76  1.8  tratamiento
0     88   4    2    185  3.0  MAIN
0     40   2    3             @DIV88
0    180   9    6             @PRINTF_D_9600_31766_31767
 Inline         0             @cinit1

Program metrics:
    Functions               9
    Statements              96
    Comments                257
    Volume (V)              4524
    Difficulty (D)          40.2
    Effort to implement (E) 181683
    Time to implement (T)   2 hours, 48 minutes
    Est Delivered Bugs (B)  1
    Cyclomatic Complexity   8
    Maintainability (MI)    146

 Segment     Used  Free
-----------  ----  ----
00000-00002     4  0  
00004-00006     0  4  
00008-000AC   166  0  
000AE-07FFE   830  31764  



