
ROM used:   2570/32768 (8%)
            2570/32768 (8%) including unused fragments

            2.0 Average locations per line
            25.0 Average locations per statement

RAM used:   26/2048 (1%) at main() level
            74/2048 (4%) worst case

Stack used: 12 worst case (5 in main + 7 for interrupts)
Stack size: 31

Lines Stmts  %   Files
----- ----- ---  -----
   47    19  18  main.c
  779     0   0  18f2550.h
  456    84  82  lcd.c
----- -----
 1282   103 Total

Page ROM  %  RAM    Vol Diff  Functions:
---- --- --- ---    --- ----  ----------
0     40   1    1             @delay_ms1
0     60   1    3    596  5.9  lcd_read_byte
0     12   0    0     59  4.2  lcd_read_nibble
0     24   0    1    179  3.3  lcd_send_nibble
0     58   1    3    460  4.7  lcd_send_byte
0    192   4    6    814  7.2  lcd_init
0     34   1    4    208  6.3  lcd_gotoxy
0     80   2    1    354  4.7  lcd_putc
0    168   3    8    178  2.5  tratamiento
0     56   1    2             @ITOF
0     18   0    0             @const656
0    242   5   11             @MULFF
0     30   1    3             @PSTRINGCN_640
0    620  12   16             @ADDFF
0     64   1    5             @FTOSD
0    142   3   13             @DIV3232
0    442   9   13             @PRINTF_L32D_640FPFPFR
0    118   2    0    250  2.3  MAIN
 Inline         0             @cinit1

Program metrics:
    Functions               9
    Statements              103
    Comments                264
    Volume (V)              4826
    Difficulty (D)          38.6
    Effort to implement (E) 186371
    Time to implement (T)   2 hours, 53 minutes
    Est Delivered Bugs (B)  1
    Cyclomatic Complexity   8
    Maintainability (MI)    142

 Segment     Used  Free
-----------  ----  ----
00000-00002     4  0  
00004-00006     0  4  
00008-000AC   166  0  
000AE-07FFE  2400  30194  



